Using pre-set license
Built from '2021.3/staging' branch; Version is '2021.3.25f1 (68ef2c4f8861) revision 6876972'; Using compiler version '192829333'; Build Type 'Release'
OS: 'Windows 11  (10.0.22631) 64bit Core' Language: 'ko' Physical Memory: 32505 MB
BatchMode: 1, IsHumanControllingUs: 0, StartBugReporterOnCrash: 0, Is64bit: 1, IsPro: 1

COMMAND LINE ARGUMENTS:
D:\program\2021.3.25f1\Editor\Unity.exe
-adb2
-batchMode
-noUpm
-name
AssetImportWorker2
-projectPath
C:/Users/USER/OneDrive/바탕 화면/unity/Game
-logFile
Logs/AssetImportWorker2.log
-srvPort
62951
Successfully changed project path to: C:/Users/USER/OneDrive/바탕 화면/unity/Game
C:/Users/USER/OneDrive/바탕 화면/unity/Game
[UnityMemory] Configuration Parameters - Can be set up in boot.config
    "memorysetup-bucket-allocator-granularity=16"
    "memorysetup-bucket-allocator-bucket-count=8"
    "memorysetup-bucket-allocator-block-size=33554432"
    "memorysetup-bucket-allocator-block-count=8"
    "memorysetup-main-allocator-block-size=16777216"
    "memorysetup-thread-allocator-block-size=16777216"
    "memorysetup-gfx-main-allocator-block-size=16777216"
    "memorysetup-gfx-thread-allocator-block-size=16777216"
    "memorysetup-cache-allocator-block-size=4194304"
    "memorysetup-typetree-allocator-block-size=2097152"
    "memorysetup-profiler-bucket-allocator-granularity=16"
    "memorysetup-profiler-bucket-allocator-bucket-count=8"
    "memorysetup-profiler-bucket-allocator-block-size=33554432"
    "memorysetup-profiler-bucket-allocator-block-count=8"
    "memorysetup-profiler-allocator-block-size=16777216"
    "memorysetup-profiler-editor-allocator-block-size=1048576"
    "memorysetup-temp-allocator-size-main=16777216"
    "memorysetup-job-temp-allocator-block-size=2097152"
    "memorysetup-job-temp-allocator-block-size-background=1048576"
    "memorysetup-job-temp-allocator-reduction-small-platforms=262144"
    "memorysetup-temp-allocator-size-background-worker=32768"
    "memorysetup-temp-allocator-size-job-worker=262144"
    "memorysetup-temp-allocator-size-preload-manager=33554432"
    "memorysetup-temp-allocator-size-nav-mesh-worker=65536"
    "memorysetup-temp-allocator-size-audio-worker=65536"
    "memorysetup-temp-allocator-size-cloud-worker=32768"
    "memorysetup-temp-allocator-size-gi-baking-worker=262144"
    "memorysetup-temp-allocator-size-gfx=262144"
Player connection [11568] Host "[IP] 172.30.1.64 [Port] 0 [Flags] 2 [Guid] 3851710521 [EditorId] 3851710521 [Version] 1048832 [Id] WindowsEditor(7,DESKTOP-GCF9ANB) [Debug] 1 [PackageName] WindowsEditor [ProjectName] Editor" joined multi-casting on [225.0.0.222:54997]...

Player connection [11568] Host "[IP] 172.30.1.64 [Port] 0 [Flags] 2 [Guid] 3851710521 [EditorId] 3851710521 [Version] 1048832 [Id] WindowsEditor(7,DESKTOP-GCF9ANB) [Debug] 1 [PackageName] WindowsEditor [ProjectName] Editor" joined alternative multi-casting on [225.0.0.222:34997]...

Refreshing native plugins compatible for Editor in 52.92 ms, found 3 plugins.
Preloading 0 native plugins for Editor in 0.00 ms.
Initialize engine version: 2021.3.25f1 (68ef2c4f8861)
[Subsystems] Discovering subsystems at path D:/program/2021.3.25f1/Editor/Data/Resources/UnitySubsystems
[Subsystems] Discovering subsystems at path C:/Users/USER/OneDrive/바탕 화면/unity/Game/Assets
GfxDevice: creating device client; threaded=0; jobified=0
Direct3D:
    Version:  Direct3D 11.0 [level 11.1]
    Renderer: NVIDIA GeForce RTX 3060 (ID=0x2504)
    Vendor:   NVIDIA
    VRAM:     12129 MB
    Driver:   31.0.15.3168
Initialize mono
Mono path[0] = 'D:/program/2021.3.25f1/Editor/Data/Managed'
Mono path[1] = 'D:/program/2021.3.25f1/Editor/Data/MonoBleedingEdge/lib/mono/unityjit-win32'
Mono config path = 'D:/program/2021.3.25f1/Editor/Data/MonoBleedingEdge/etc'
Using monoOptions --debugger-agent=transport=dt_socket,embedding=1,server=y,suspend=n,address=127.0.0.1:56468
Begin MonoManager ReloadAssembly
Registering precompiled unity dll's ...
Register platform support module: D:/program/2021.3.25f1/Editor/Data/PlaybackEngines/WindowsStandaloneSupport/UnityEditor.WindowsStandalone.Extensions.dll
Registered in 0.001448 seconds.
Native extension for WindowsStandalone target not found
Refreshing native plugins compatible for Editor in 51.80 ms, found 3 plugins.
Preloading 0 native plugins for Editor in 0.00 ms.
Mono: successfully reloaded assembly
- Completed reload, in  0.436 seconds
Domain Reload Profiling:
	ReloadAssembly (437ms)
		BeginReloadAssembly (61ms)
			ExecutionOrderSort (0ms)
			DisableScriptedObjects (0ms)
			BackupInstance (0ms)
			ReleaseScriptingObjects (0ms)
			CreateAndSetChildDomain (1ms)
		EndReloadAssembly (310ms)
			LoadAssemblies (60ms)
			RebuildTransferFunctionScriptingTraits (0ms)
			SetupTypeCache (73ms)
			ReleaseScriptCaches (0ms)
			RebuildScriptCaches (24ms)
			SetupLoadedEditorAssemblies (178ms)
				LogAssemblyErrors (0ms)
				InitializePlatformSupportModulesInManaged (4ms)
				SetLoadedEditorAssemblies (0ms)
				RefreshPlugins (52ms)
				BeforeProcessingInitializeOnLoad (1ms)
				ProcessInitializeOnLoadAttributes (86ms)
				ProcessInitializeOnLoadMethodAttributes (34ms)
				AfterProcessingInitializeOnLoad (0ms)
				EditorAssembliesLoaded (0ms)
			ExecutionOrderSort2 (0ms)
			AwakeInstancesAfterBackupRestoration (0ms)
Platform modules already initialized, skipping
Registering precompiled user dll's ...
Registered in 0.003138 seconds.
Begin MonoManager ReloadAssembly
Symbol file LoadedFromMemory doesn't match image C:\Users\USER\OneDrive\바탕 화면\unity\Game\Library\PackageCache\com.unity.visualscripting@1.8.0\Editor\VisualScripting.Core\Dependencies\YamlDotNet\Unity.VisualScripting.YamlDotNet.dll
Symbol file LoadedFromMemory doesn't match image C:\Users\USER\OneDrive\바탕 화면\unity\Game\Library\PackageCache\com.unity.visualscripting@1.8.0\Editor\VisualScripting.Core\Dependencies\DotNetZip\Unity.VisualScripting.IonicZip.dll
Native extension for WindowsStandalone target not found
Refreshing native plugins compatible for Editor in 0.35 ms, found 3 plugins.
Preloading 0 native plugins for Editor in 0.00 ms.
Mono: successfully reloaded assembly
- Completed reload, in  0.664 seconds
Domain Reload Profiling:
	ReloadAssembly (664ms)
		BeginReloadAssembly (80ms)
			ExecutionOrderSort (0ms)
			DisableScriptedObjects (4ms)
			BackupInstance (0ms)
			ReleaseScriptingObjects (0ms)
			CreateAndSetChildDomain (16ms)
		EndReloadAssembly (513ms)
			LoadAssemblies (57ms)
			RebuildTransferFunctionScriptingTraits (0ms)
			SetupTypeCache (175ms)
			ReleaseScriptCaches (0ms)
			RebuildScriptCaches (36ms)
			SetupLoadedEditorAssemblies (224ms)
				LogAssemblyErrors (0ms)
				InitializePlatformSupportModulesInManaged (3ms)
				SetLoadedEditorAssemblies (0ms)
				RefreshPlugins (0ms)
				BeforeProcessingInitializeOnLoad (49ms)
				ProcessInitializeOnLoadAttributes (157ms)
				ProcessInitializeOnLoadMethodAttributes (13ms)
				AfterProcessingInitializeOnLoad (1ms)
				EditorAssembliesLoaded (0ms)
			ExecutionOrderSort2 (0ms)
			AwakeInstancesAfterBackupRestoration (4ms)
Platform modules already initialized, skipping
========================================================================
Worker process is ready to serve import requests
Launched and connected shader compiler UnityShaderCompiler.exe after 0.03 seconds
Refreshing native plugins compatible for Editor in 0.37 ms, found 3 plugins.
Preloading 0 native plugins for Editor in 0.00 ms.
Unloading 3049 Unused Serialized files (Serialized files now loaded: 0)
Unloading 22 unused Assets / (56.1 KB). Loaded Objects now: 3512.
Memory consumption went from 107.7 MB to 107.7 MB.
Total: 3.056100 ms (FindLiveObjects: 0.314300 ms CreateObjectMapping: 0.084800 ms MarkObjects: 2.583200 ms  DeleteObjects: 0.072400 ms)

AssetImportParameters requested are different than current active one (requested -> active):
  custom:video-decoder-ogg-theora: a1e56fd34408186e4bbccfd4996cb3dc -> 
  custom:container-muxer-webm: aa71ff27fc2769a1b78a27578f13a17b -> 
  custom:container-demuxer-webm: 4f35f7cbe854078d1ac9338744f61a02 -> 
  custom:video-encoder-webm-vp8: eb34c28f22e8b96e1ab97ce403110664 -> 
  custom:audio-encoder-webm-vorbis: bf7c407c2cedff20999df2af8eb42d56 -> 
  custom:framework-win-MediaFoundation: 216162199b28c13a410421893ffa2e32 -> 
  custom:container-demuxer-ogg: 62fdf1f143b41e24485cea50d1cbac27 -> 
  custom:video-decoder-webm-vp8: 9c59270c3fd7afecdb556c50c9e8de78 -> 
  custom:audio-decoder-ogg-vorbis: bf7c407c2cedff20999df2af8eb42d56 -> 
========================================================================
Received Import Request.
  Time since last request: 793833.502917 seconds.
  path: Assets/Low Poly Assets/Prefab/Props/Props_Bench_2.prefab
  artifactKey: Guid(6458a4c9f91f22741a5064b5b7cfd892) Importer(815301076,1909f56bfc062723c751e8b465ee728b)
Start importing Assets/Low Poly Assets/Prefab/Props/Props_Bench_2.prefab using Guid(6458a4c9f91f22741a5064b5b7cfd892) Importer(815301076,1909f56bfc062723c751e8b465ee728b)  -> (artifact id: 'd1eefaa86bc46762e1137f1d8d6783e7') in 0.104662 seconds 
========================================================================
Received Import Request.
  Time since last request: 0.000041 seconds.
  path: Assets/Low Poly Assets/Prefab/Props/Props_Roof prop air.prefab
  artifactKey: Guid(120449a04911a924ca1239be382ff0be) Importer(815301076,1909f56bfc062723c751e8b465ee728b)
Start importing Assets/Low Poly Assets/Prefab/Props/Props_Roof prop air.prefab using Guid(120449a04911a924ca1239be382ff0be) Importer(815301076,1909f56bfc062723c751e8b465ee728b)  -> (artifact id: '50343d5e0fbfb12587bd9b45a9de725a') in 0.013242 seconds 
========================================================================
Received Import Request.
  Time since last request: 1.659478 seconds.
  path: Assets/Low Poly Assets/Prefab/Roads/Road Corner_01.prefab
  artifactKey: Guid(3a7e1c0a00828fd4196c8cd24886d2ed) Importer(815301076,1909f56bfc062723c751e8b465ee728b)
Start importing Assets/Low Poly Assets/Prefab/Roads/Road Corner_01.prefab using Guid(3a7e1c0a00828fd4196c8cd24886d2ed) Importer(815301076,1909f56bfc062723c751e8b465ee728b)  -> (artifact id: '6ff5b0401eca5ffb1063e975e0db49f2') in 0.040858 seconds 
========================================================================
Received Import Request.
  Time since last request: 0.000021 seconds.
  path: Assets/Low Poly Assets/Prefab/Roads/Road Split Line.prefab
  artifactKey: Guid(0ee37198b24b2164fbbccfbe92fe5d35) Importer(815301076,1909f56bfc062723c751e8b465ee728b)
Start importing Assets/Low Poly Assets/Prefab/Roads/Road Split Line.prefab using Guid(0ee37198b24b2164fbbccfbe92fe5d35) Importer(815301076,1909f56bfc062723c751e8b465ee728b)  -> (artifact id: 'd27a4b14ccd8dc1b89ff605143b18e79') in 0.016963 seconds 
========================================================================
Received Import Request.
  Time since last request: 4.040568 seconds.
  path: Assets/Low Poly Assets/Prefab/Vehicles/Vehicle with Separated Wheels/Vehicle_Bus_color01_separate.prefab
  artifactKey: Guid(de535534204e83f4e84497ac553192eb) Importer(815301076,1909f56bfc062723c751e8b465ee728b)
Start importing Assets/Low Poly Assets/Prefab/Vehicles/Vehicle with Separated Wheels/Vehicle_Bus_color01_separate.prefab using Guid(de535534204e83f4e84497ac553192eb) Importer(815301076,1909f56bfc062723c751e8b465ee728b)  -> (artifact id: 'e7229f63e530b01b54bcdbd6f85764d7') in 0.016443 seconds 
========================================================================
Received Import Request.
  Time since last request: 0.000013 seconds.
  path: Assets/Low Poly Assets/Prefab/Vehicles/Vehicle with Separated Wheels/Vehicle_SUV_color03_separate.prefab
  artifactKey: Guid(f0ffa104f4ba20b40a0421d7c2b5f098) Importer(815301076,1909f56bfc062723c751e8b465ee728b)
Start importing Assets/Low Poly Assets/Prefab/Vehicles/Vehicle with Separated Wheels/Vehicle_SUV_color03_separate.prefab using Guid(f0ffa104f4ba20b40a0421d7c2b5f098) Importer(815301076,1909f56bfc062723c751e8b465ee728b)  -> (artifact id: '2dd9b8430e4fa613ab7c7e17dfe16dfd') in 0.018374 seconds 
========================================================================
Received Import Request.
  Time since last request: 0.000019 seconds.
  path: Assets/Low Poly Assets/Prefab/Vehicles/Vehicle with Separated Wheels/Vehicle_Truck_color03_separate.prefab
  artifactKey: Guid(1508f459923b7df4889f466e17864ab4) Importer(815301076,1909f56bfc062723c751e8b465ee728b)
Start importing Assets/Low Poly Assets/Prefab/Vehicles/Vehicle with Separated Wheels/Vehicle_Truck_color03_separate.prefab using Guid(1508f459923b7df4889f466e17864ab4) Importer(815301076,1909f56bfc062723c751e8b465ee728b)  -> (artifact id: 'd7261f1e1903ded5dc8b187b29da0433') in 0.018914 seconds 
========================================================================
Received Import Request.
  Time since last request: 0.000016 seconds.
  path: Assets/Low Poly Assets/Prefab/Vehicles/Vehicle with Separated Wheels/Vehicle_Car_color03_separate.prefab
  artifactKey: Guid(11a57a102cdb5e642899ceab079f1938) Importer(815301076,1909f56bfc062723c751e8b465ee728b)
Start importing Assets/Low Poly Assets/Prefab/Vehicles/Vehicle with Separated Wheels/Vehicle_Car_color03_separate.prefab using Guid(11a57a102cdb5e642899ceab079f1938) Importer(815301076,1909f56bfc062723c751e8b465ee728b)  -> (artifact id: '2fc7d56c1b7696be810f9158c29f2382') in 0.013360 seconds 
========================================================================
Received Import Request.
  Time since last request: 0.000015 seconds.
  path: Assets/Low Poly Assets/Prefab/Vehicles/Vehicle with Separated Wheels/Vehicle_Taxi_separate.prefab
  artifactKey: Guid(fba5e236738a7c940b3a8d031c307794) Importer(815301076,1909f56bfc062723c751e8b465ee728b)
Start importing Assets/Low Poly Assets/Prefab/Vehicles/Vehicle with Separated Wheels/Vehicle_Taxi_separate.prefab using Guid(fba5e236738a7c940b3a8d031c307794) Importer(815301076,1909f56bfc062723c751e8b465ee728b)  -> (artifact id: '67827dfad233c97003b44032b4232a5c') in 0.042537 seconds 
========================================================================
Received Import Request.
  Time since last request: 2.616855 seconds.
  path: Assets/Low Poly Assets/Prefab/Vehicles/Vehicle with Static Wheels/Vehicle_Bus_color01.prefab
  artifactKey: Guid(9500f0cdde0097a4aac35ced7c1935d7) Importer(815301076,1909f56bfc062723c751e8b465ee728b)
Start importing Assets/Low Poly Assets/Prefab/Vehicles/Vehicle with Static Wheels/Vehicle_Bus_color01.prefab using Guid(9500f0cdde0097a4aac35ced7c1935d7) Importer(815301076,1909f56bfc062723c751e8b465ee728b)  -> (artifact id: '104c7db334b43b9bf5bba9719fdd70e7') in 0.016962 seconds 
========================================================================
Received Import Request.
  Time since last request: 0.000013 seconds.
  path: Assets/Low Poly Assets/Prefab/Vehicles/Vehicle with Static Wheels/Vehicle_SUV_color03.prefab
  artifactKey: Guid(00d77ce56096de34eb6645947a0f8925) Importer(815301076,1909f56bfc062723c751e8b465ee728b)
Start importing Assets/Low Poly Assets/Prefab/Vehicles/Vehicle with Static Wheels/Vehicle_SUV_color03.prefab using Guid(00d77ce56096de34eb6645947a0f8925) Importer(815301076,1909f56bfc062723c751e8b465ee728b)  -> (artifact id: '8073f71c42d6796b3af725fd20afd0d8') in 0.018464 seconds 
========================================================================
Received Import Request.
  Time since last request: 0.000012 seconds.
  path: Assets/Low Poly Assets/Prefab/Vehicles/Vehicle with Static Wheels/Vehicle_SUV_color01.prefab
  artifactKey: Guid(288b117258616aa4f928ba6f91dc47c3) Importer(815301076,1909f56bfc062723c751e8b465ee728b)
Start importing Assets/Low Poly Assets/Prefab/Vehicles/Vehicle with Static Wheels/Vehicle_SUV_color01.prefab using Guid(288b117258616aa4f928ba6f91dc47c3) Importer(815301076,1909f56bfc062723c751e8b465ee728b)  -> (artifact id: 'fbf0490087a75b2f584242d7f43080b9') in 0.026837 seconds 
========================================================================
Received Import Request.
  Time since last request: 0.000015 seconds.
  path: Assets/Low Poly Assets/Prefab/Vehicles/Vehicle with Static Wheels/Vehicle_Container_color01.prefab
  artifactKey: Guid(979de0ac65f6d2b48a89e9088986637f) Importer(815301076,1909f56bfc062723c751e8b465ee728b)
Start importing Assets/Low Poly Assets/Prefab/Vehicles/Vehicle with Static Wheels/Vehicle_Container_color01.prefab using Guid(979de0ac65f6d2b48a89e9088986637f) Importer(815301076,1909f56bfc062723c751e8b465ee728b)  -> (artifact id: 'c2670f9d3bc46a8157431fca1b46add6') in 0.017078 seconds 
========================================================================
Received Import Request.
  Time since last request: 0.000017 seconds.
  path: Assets/Low Poly Assets/Prefab/Vehicles/Vehicle with Static Wheels/Vehicle_Taxi.prefab
  artifactKey: Guid(05aec82adc02f16409639716322b1673) Importer(815301076,1909f56bfc062723c751e8b465ee728b)
Start importing Assets/Low Poly Assets/Prefab/Vehicles/Vehicle with Static Wheels/Vehicle_Taxi.prefab using Guid(05aec82adc02f16409639716322b1673) Importer(815301076,1909f56bfc062723c751e8b465ee728b)  -> (artifact id: '42dbf4ce714b1f8b988238ef807c4faa') in 0.016655 seconds 
========================================================================
Received Import Request.
  Time since last request: 0.000037 seconds.
  path: Assets/Low Poly Assets/Prefab/Vehicles/Vehicle with Static Wheels/Vehicle_Pick up Truck_color01.prefab
  artifactKey: Guid(93d0d450ec8b42e46b724bf2bbee330b) Importer(815301076,1909f56bfc062723c751e8b465ee728b)
Start importing Assets/Low Poly Assets/Prefab/Vehicles/Vehicle with Static Wheels/Vehicle_Pick up Truck_color01.prefab using Guid(93d0d450ec8b42e46b724bf2bbee330b) Importer(815301076,1909f56bfc062723c751e8b465ee728b)  -> (artifact id: '4cc12b390bf063cf291c2e33a95671f8') in 0.012045 seconds 
========================================================================
Received Import Request.
  Time since last request: 2246.583997 seconds.
  path: Assets/Models
  artifactKey: Guid(9ef7558f37ca77245b7168978bdc25cd) Importer(815301076,1909f56bfc062723c751e8b465ee728b)
Start importing Assets/Models using Guid(9ef7558f37ca77245b7168978bdc25cd) Importer(815301076,1909f56bfc062723c751e8b465ee728b)  -> (artifact id: '3fab6975ecd366f4b533e6549a30e92d') in 0.002369 seconds 
========================================================================
Received Import Request.
  Time since last request: 10.306221 seconds.
  path: Assets/Animations
  artifactKey: Guid(2c7279bc8e11e8544883c45c057eda9c) Importer(815301076,1909f56bfc062723c751e8b465ee728b)
Start importing Assets/Animations using Guid(2c7279bc8e11e8544883c45c057eda9c) Importer(815301076,1909f56bfc062723c751e8b465ee728b)  -> (artifact id: 'e7d20fab3fb85755323844ba9afc58be') in 0.008906 seconds 
========================================================================
Received Import Request.
  Time since last request: 11.194072 seconds.
  path: Assets/Animators
  artifactKey: Guid(37519a3ce8d0a374faff456b9ae6ef16) Importer(815301076,1909f56bfc062723c751e8b465ee728b)
Start importing Assets/Animators using Guid(37519a3ce8d0a374faff456b9ae6ef16) Importer(815301076,1909f56bfc062723c751e8b465ee728b)  -> (artifact id: 'bc97ec1e973f73cebea6661f4c542596') in 0.007556 seconds 
========================================================================
Received Import Request.
  Time since last request: 9.182096 seconds.
  path: Assets/Textures
  artifactKey: Guid(c2129682a3e385b4691afb63b9aaf10a) Importer(815301076,1909f56bfc062723c751e8b465ee728b)
Start importing Assets/Textures using Guid(c2129682a3e385b4691afb63b9aaf10a) Importer(815301076,1909f56bfc062723c751e8b465ee728b)  -> (artifact id: '9187eaab8c2f831bb78e35df7acfe5c5') in 0.007190 seconds 
========================================================================
Received Import Request.
  Time since last request: 142.223565 seconds.
  path: Assets/Models/Character.fbx
  artifactKey: Guid(7d62cc71faaef4f44aa9f0b0306dc7f4) Importer(815301076,1909f56bfc062723c751e8b465ee728b)
Start importing Assets/Models/Character.fbx using Guid(7d62cc71faaef4f44aa9f0b0306dc7f4) Importer(815301076,1909f56bfc062723c751e8b465ee728b)  -> (artifact id: 'aab7efb906a85a8ccf219d42916d4f36') in 0.350299 seconds 
========================================================================
Received Import Request.
  Time since last request: 42.194124 seconds.
  path: Assets/Models/Character.fbx
  artifactKey: Guid(7d62cc71faaef4f44aa9f0b0306dc7f4) Importer(815301076,1909f56bfc062723c751e8b465ee728b)
Start importing Assets/Models/Character.fbx using Guid(7d62cc71faaef4f44aa9f0b0306dc7f4) Importer(815301076,1909f56bfc062723c751e8b465ee728b)  -> (artifact id: 'b579f106ed70b2c1870e09c556d0675b') in 0.159842 seconds 
========================================================================
Received Import Request.
  Time since last request: 9.764531 seconds.
  path: Assets/Models/Character.fbx
  artifactKey: Guid(7d62cc71faaef4f44aa9f0b0306dc7f4) Importer(815301076,1909f56bfc062723c751e8b465ee728b)
Start importing Assets/Models/Character.fbx using Guid(7d62cc71faaef4f44aa9f0b0306dc7f4) Importer(815301076,1909f56bfc062723c751e8b465ee728b)  -> (artifact id: '506e416c7c976f5de3aaea64a97e010b') in 0.050630 seconds 
========================================================================
Received Import Request.
  Time since last request: 60.407696 seconds.
  path: Assets/Textures/Ch03_1001_Diffuse.png
  artifactKey: Guid(82e7d262756605d4ca6781c73c28450e) Importer(815301076,1909f56bfc062723c751e8b465ee728b)
Start importing Assets/Textures/Ch03_1001_Diffuse.png using Guid(82e7d262756605d4ca6781c73c28450e) Importer(815301076,1909f56bfc062723c751e8b465ee728b)  -> (artifact id: 'cf8bfb9318e71a3d4c5cd9765386626f') in 0.020675 seconds 
========================================================================
Received Import Request.
  Time since last request: 3.299031 seconds.
  path: Assets/Textures/Ch03_1001_Glossiness.png
  artifactKey: Guid(d86652138f53fcf4fad9567d7a9623bf) Importer(815301076,1909f56bfc062723c751e8b465ee728b)
Start importing Assets/Textures/Ch03_1001_Glossiness.png using Guid(d86652138f53fcf4fad9567d7a9623bf) Importer(815301076,1909f56bfc062723c751e8b465ee728b)  -> (artifact id: 'bb778c1a02dd1001e9fab0a63ef907a2') in 0.020373 seconds 
========================================================================
Received Import Request.
  Time since last request: 1.457693 seconds.
  path: Assets/Textures/Ch03_1001_Normal.png
  artifactKey: Guid(9850f6e40fa03cb42b6bc84cdb66c581) Importer(815301076,1909f56bfc062723c751e8b465ee728b)
Start importing Assets/Textures/Ch03_1001_Normal.png using Guid(9850f6e40fa03cb42b6bc84cdb66c581) Importer(815301076,1909f56bfc062723c751e8b465ee728b)  -> (artifact id: '7f206c69e8cc5c6231eaea2fa92f69c6') in 0.028327 seconds 
========================================================================
Received Import Request.
  Time since last request: 0.623490 seconds.
  path: Assets/Textures/Ch03_1001_Specular.png
  artifactKey: Guid(9be3c98c0d766fc499f16667d984619f) Importer(815301076,1909f56bfc062723c751e8b465ee728b)
Start importing Assets/Textures/Ch03_1001_Specular.png using Guid(9be3c98c0d766fc499f16667d984619f) Importer(815301076,1909f56bfc062723c751e8b465ee728b)  -> (artifact id: 'e94e616cc534194a3608e5a806632eee') in 0.025438 seconds 
